[2023-03-07T23:45:49.127+0000] {taskinstance.py:1083} INFO - Dependencies all met for <TaskInstance: bitcoin_second_webscrape.google_drive_upload scheduled__2023-03-06T13:00:00+00:00 [queued]>
[2023-03-07T23:45:49.289+0000] {taskinstance.py:1083} INFO - Dependencies all met for <TaskInstance: bitcoin_second_webscrape.google_drive_upload scheduled__2023-03-06T13:00:00+00:00 [queued]>
[2023-03-07T23:45:49.292+0000] {taskinstance.py:1279} INFO - 
--------------------------------------------------------------------------------
[2023-03-07T23:45:49.300+0000] {taskinstance.py:1280} INFO - Starting attempt 1 of 1
[2023-03-07T23:45:49.306+0000] {taskinstance.py:1281} INFO - 
--------------------------------------------------------------------------------
[2023-03-07T23:45:49.459+0000] {taskinstance.py:1300} INFO - Executing <Task(PythonVirtualenvOperator): google_drive_upload> on 2023-03-06 13:00:00+00:00
[2023-03-07T23:45:49.607+0000] {standard_task_runner.py:55} INFO - Started process 250 to run task
[2023-03-07T23:45:49.675+0000] {standard_task_runner.py:82} INFO - Running: ['***', 'tasks', 'run', 'bitcoin_second_webscrape', 'google_drive_upload', 'scheduled__2023-03-06T13:00:00+00:00', '--job-id', '170', '--raw', '--subdir', 'DAGS_FOLDER/main.py', '--cfg-path', '/tmp/tmp0o40vz20']
[2023-03-07T23:45:49.680+0000] {standard_task_runner.py:83} INFO - Job 170: Subtask google_drive_upload
[2023-03-07T23:45:50.690+0000] {task_command.py:388} INFO - Running <TaskInstance: bitcoin_second_webscrape.google_drive_upload scheduled__2023-03-06T13:00:00+00:00 [running]> on host cd114ba8c1f8
[2023-03-07T23:45:51.704+0000] {taskinstance.py:1509} INFO - Exporting the following env vars:
AIRFLOW_CTX_DAG_EMAIL=***@example.com
AIRFLOW_CTX_DAG_OWNER=***
AIRFLOW_CTX_DAG_ID=bitcoin_second_webscrape
AIRFLOW_CTX_TASK_ID=google_drive_upload
AIRFLOW_CTX_EXECUTION_DATE=2023-03-06T13:00:00+00:00
AIRFLOW_CTX_TRY_NUMBER=1
AIRFLOW_CTX_DAG_RUN_ID=scheduled__2023-03-06T13:00:00+00:00
[2023-03-07T23:45:51.725+0000] {process_utils.py:179} INFO - Executing cmd: /usr/local/bin/python -m virtualenv /tmp/venv1bypvmw2 --system-site-packages
[2023-03-07T23:45:51.809+0000] {process_utils.py:183} INFO - Output:
[2023-03-07T23:45:58.777+0000] {process_utils.py:187} INFO - created virtual environment CPython3.7.16.final.0-64 in 4309ms
[2023-03-07T23:45:58.780+0000] {process_utils.py:187} INFO -   creator CPython3Posix(dest=/tmp/venv1bypvmw2, clear=False, no_vcs_ignore=False, global=True)
[2023-03-07T23:45:58.783+0000] {process_utils.py:187} INFO -   seeder FromAppData(download=False, pip=bundle, setuptools=bundle, wheel=bundle, via=copy, app_data_dir=/home/***/.local/share/virtualenv)
[2023-03-07T23:45:58.788+0000] {process_utils.py:187} INFO -     added seed packages: pip==22.3.1, setuptools==65.6.3, wheel==0.38.4
[2023-03-07T23:45:58.794+0000] {process_utils.py:187} INFO -   activators BashActivator,CShellActivator,FishActivator,NushellActivator,PowerShellActivator,PythonActivator
[2023-03-07T23:45:58.902+0000] {process_utils.py:179} INFO - Executing cmd: /tmp/venv1bypvmw2/bin/pip install -r /tmp/venv1bypvmw2/requirements.txt
[2023-03-07T23:45:58.981+0000] {process_utils.py:183} INFO - Output:
[2023-03-07T23:46:22.987+0000] {process_utils.py:187} INFO - Collecting selenium
[2023-03-07T23:46:23.245+0000] {process_utils.py:187} INFO -   Downloading selenium-4.8.2-py3-none-any.whl (6.9 MB)
[2023-03-07T23:46:25.539+0000] {process_utils.py:187} INFO -      ━━━━━━━━━━━━━━━━━━━━━━━━━━━━━━━━━━━━━━━━ 6.9/6.9 MB 3.2 MB/s eta 0:00:00
[2023-03-07T23:46:26.048+0000] {process_utils.py:187} INFO - Requirement already satisfied: pandas in /home/***/.local/lib/python3.7/site-packages (from -r /tmp/venv1bypvmw2/requirements.txt (line 2)) (1.3.5)
[2023-03-07T23:46:26.878+0000] {process_utils.py:187} INFO - Collecting gcsfs
[2023-03-07T23:46:26.989+0000] {process_utils.py:187} INFO -   Downloading gcsfs-2023.1.0-py2.py3-none-any.whl (26 kB)
[2023-03-07T23:46:27.176+0000] {process_utils.py:187} INFO - Requirement already satisfied: fsspec in /home/***/.local/lib/python3.7/site-packages (from -r /tmp/venv1bypvmw2/requirements.txt (line 4)) (2022.11.0)
[2023-03-07T23:46:27.184+0000] {process_utils.py:187} INFO - Requirement already satisfied: google-cloud-storage in /home/***/.local/lib/python3.7/site-packages (from -r /tmp/venv1bypvmw2/requirements.txt (line 5)) (2.7.0)
[2023-03-07T23:46:27.224+0000] {process_utils.py:187} INFO - Requirement already satisfied: google-cloud-bigquery in /home/***/.local/lib/python3.7/site-packages (from -r /tmp/venv1bypvmw2/requirements.txt (line 6)) (2.34.4)
[2023-03-07T23:46:27.249+0000] {process_utils.py:187} INFO - Requirement already satisfied: google-auth in /home/***/.local/lib/python3.7/site-packages (from -r /tmp/venv1bypvmw2/requirements.txt (line 7)) (2.16.0)
[2023-03-07T23:46:27.259+0000] {process_utils.py:187} INFO - Requirement already satisfied: beautifulsoup4 in /home/***/.local/lib/python3.7/site-packages (from -r /tmp/venv1bypvmw2/requirements.txt (line 8)) (4.11.1)
[2023-03-07T23:46:27.270+0000] {process_utils.py:187} INFO - Requirement already satisfied: lxml in /home/***/.local/lib/python3.7/site-packages (from -r /tmp/venv1bypvmw2/requirements.txt (line 9)) (4.9.2)
[2023-03-07T23:46:27.657+0000] {process_utils.py:187} INFO - Collecting html5lib
[2023-03-07T23:46:27.755+0000] {process_utils.py:187} INFO -   Downloading html5lib-1.1-py2.py3-none-any.whl (112 kB)
[2023-03-07T23:46:27.831+0000] {process_utils.py:187} INFO -      ━━━━━━━━━━━━━━━━━━━━━━━━━━━━━━━━━━━━━━━ 112.2/112.2 kB 4.3 MB/s eta 0:00:00
[2023-03-07T23:46:27.889+0000] {process_utils.py:187} INFO - Requirement already satisfied: pytz in /home/***/.local/lib/python3.7/site-packages (from -r /tmp/venv1bypvmw2/requirements.txt (line 11)) (2022.7.1)
[2023-03-07T23:46:28.489+0000] {process_utils.py:187} INFO - Collecting tzwhere
[2023-03-07T23:46:28.543+0000] {process_utils.py:187} INFO -   Downloading tzwhere-3.0.3.tar.gz (23.7 MB)
[2023-03-07T23:46:36.056+0000] {process_utils.py:187} INFO -      ━━━━━━━━━━━━━━━━━━━━━━━━━━━━━━━━━━━━━━━━ 23.7/23.7 MB 2.9 MB/s eta 0:00:00
[2023-03-07T23:46:38.711+0000] {process_utils.py:187} INFO -   Preparing metadata (setup.py): started
[2023-03-07T23:46:50.668+0000] {process_utils.py:187} INFO -   Preparing metadata (setup.py): finished with status 'done'
[2023-03-07T23:46:50.694+0000] {process_utils.py:187} INFO - Requirement already satisfied: apache-***-providers-google in /home/***/.local/lib/python3.7/site-packages (from -r /tmp/venv1bypvmw2/requirements.txt (line 13)) (8.8.0)
[2023-03-07T23:46:50.706+0000] {process_utils.py:187} INFO - Requirement already satisfied: apache-***[google] in /home/***/.local/lib/python3.7/site-packages (from -r /tmp/venv1bypvmw2/requirements.txt (line 14)) (2.5.1)
[2023-03-07T23:46:50.988+0000] {process_utils.py:187} INFO - Collecting openai
[2023-03-07T23:46:51.047+0000] {process_utils.py:187} INFO -   Downloading openai-0.27.0-py3-none-any.whl (70 kB)
[2023-03-07T23:46:51.130+0000] {process_utils.py:187} INFO -      ━━━━━━━━━━━━━━━━━━━━━━━━━━━━━━━━━━━━━━━━ 70.1/70.1 kB 3.1 MB/s eta 0:00:00
[2023-03-07T23:46:51.358+0000] {process_utils.py:187} INFO - Collecting pydrive
[2023-03-07T23:46:51.459+0000] {process_utils.py:187} INFO -   Downloading PyDrive-1.3.1.tar.gz (987 kB)
[2023-03-07T23:46:51.830+0000] {process_utils.py:187} INFO -      ━━━━━━━━━━━━━━━━━━━━━━━━━━━━━━━━━━━━━━━ 987.4/987.4 kB 3.0 MB/s eta 0:00:00
[2023-03-07T23:46:52.476+0000] {process_utils.py:187} INFO -   Preparing metadata (setup.py): started
[2023-03-07T23:46:57.724+0000] {process_utils.py:187} INFO -   Preparing metadata (setup.py): finished with status 'done'
[2023-03-07T23:46:57.979+0000] {process_utils.py:187} INFO - Collecting trio~=0.17
[2023-03-07T23:46:58.024+0000] {process_utils.py:187} INFO -   Downloading trio-0.22.0-py3-none-any.whl (384 kB)
[2023-03-07T23:46:58.161+0000] {process_utils.py:187} INFO -      ━━━━━━━━━━━━━━━━━━━━━━━━━━━━━━━━━━━━━━━ 384.9/384.9 kB 4.3 MB/s eta 0:00:00
[2023-03-07T23:46:58.190+0000] {process_utils.py:187} INFO - Requirement already satisfied: certifi>=2021.10.8 in /home/***/.local/lib/python3.7/site-packages (from selenium->-r /tmp/venv1bypvmw2/requirements.txt (line 1)) (2022.12.7)
[2023-03-07T23:46:58.210+0000] {process_utils.py:187} INFO - Requirement already satisfied: urllib3[socks]~=1.26 in /home/***/.local/lib/python3.7/site-packages (from selenium->-r /tmp/venv1bypvmw2/requirements.txt (line 1)) (1.26.14)
[2023-03-07T23:46:58.353+0000] {process_utils.py:187} INFO - Collecting trio-websocket~=0.9
[2023-03-07T23:46:58.402+0000] {process_utils.py:187} INFO -   Downloading trio_websocket-0.9.2-py3-none-any.whl (16 kB)
[2023-03-07T23:46:58.570+0000] {process_utils.py:187} INFO - Requirement already satisfied: python-dateutil>=2.7.3 in /home/***/.local/lib/python3.7/site-packages (from pandas->-r /tmp/venv1bypvmw2/requirements.txt (line 2)) (2.8.2)
[2023-03-07T23:46:58.581+0000] {process_utils.py:187} INFO - Requirement already satisfied: numpy>=1.17.3 in /home/***/.local/lib/python3.7/site-packages (from pandas->-r /tmp/venv1bypvmw2/requirements.txt (line 2)) (1.21.1)
[2023-03-07T23:46:58.623+0000] {process_utils.py:187} INFO - Requirement already satisfied: aiohttp!=4.0.0a0,!=4.0.0a1 in /home/***/.local/lib/python3.7/site-packages (from gcsfs->-r /tmp/venv1bypvmw2/requirements.txt (line 3)) (3.8.3)
[2023-03-07T23:46:58.630+0000] {process_utils.py:187} INFO - Requirement already satisfied: google-auth-oauthlib in /home/***/.local/lib/python3.7/site-packages (from gcsfs->-r /tmp/venv1bypvmw2/requirements.txt (line 3)) (0.8.0)
[2023-03-07T23:46:58.813+0000] {process_utils.py:187} INFO - Collecting fsspec
[2023-03-07T23:46:58.852+0000] {process_utils.py:187} INFO -   Downloading fsspec-2023.1.0-py3-none-any.whl (143 kB)
[2023-03-07T23:46:58.894+0000] {process_utils.py:187} INFO -      ━━━━━━━━━━━━━━━━━━━━━━━━━━━━━━━━━━━━━━━ 143.0/143.0 kB 4.4 MB/s eta 0:00:00
[2023-03-07T23:46:58.911+0000] {process_utils.py:187} INFO - Requirement already satisfied: decorator>4.1.2 in /home/***/.local/lib/python3.7/site-packages (from gcsfs->-r /tmp/venv1bypvmw2/requirements.txt (line 3)) (5.1.1)
[2023-03-07T23:46:58.915+0000] {process_utils.py:187} INFO - Requirement already satisfied: requests in /home/***/.local/lib/python3.7/site-packages (from gcsfs->-r /tmp/venv1bypvmw2/requirements.txt (line 3)) (2.28.2)
[2023-03-07T23:46:59.260+0000] {process_utils.py:187} INFO - Requirement already satisfied: google-cloud-core<3.0dev,>=2.3.0 in /home/***/.local/lib/python3.7/site-packages (from google-cloud-storage->-r /tmp/venv1bypvmw2/requirements.txt (line 5)) (2.3.2)
[2023-03-07T23:46:59.265+0000] {process_utils.py:187} INFO - Requirement already satisfied: google-resumable-media>=2.3.2 in /home/***/.local/lib/python3.7/site-packages (from google-cloud-storage->-r /tmp/venv1bypvmw2/requirements.txt (line 5)) (2.4.0)
[2023-03-07T23:46:59.280+0000] {process_utils.py:187} INFO - Requirement already satisfied: google-api-core!=2.0.*,!=2.1.*,!=2.2.*,!=2.3.0,<3.0.0dev,>=1.31.5 in /home/***/.local/lib/python3.7/site-packages (from google-cloud-storage->-r /tmp/venv1bypvmw2/requirements.txt (line 5)) (2.8.2)
[2023-03-07T23:46:59.609+0000] {process_utils.py:187} INFO - Requirement already satisfied: proto-plus<2.0.0dev,>=1.15.0 in /home/***/.local/lib/python3.7/site-packages (from google-cloud-bigquery->-r /tmp/venv1bypvmw2/requirements.txt (line 6)) (1.19.6)
[2023-03-07T23:46:59.615+0000] {process_utils.py:187} INFO - Requirement already satisfied: protobuf<4.0.0dev,>=3.12.0 in /home/***/.local/lib/python3.7/site-packages (from google-cloud-bigquery->-r /tmp/venv1bypvmw2/requirements.txt (line 6)) (3.20.0)
[2023-03-07T23:46:59.620+0000] {process_utils.py:187} INFO - Requirement already satisfied: grpcio<2.0dev,>=1.38.1 in /home/***/.local/lib/python3.7/site-packages (from google-cloud-bigquery->-r /tmp/venv1bypvmw2/requirements.txt (line 6)) (1.51.1)
[2023-03-07T23:46:59.626+0000] {process_utils.py:187} INFO - Requirement already satisfied: packaging<22.0dev,>=14.3 in /home/***/.local/lib/python3.7/site-packages (from google-cloud-bigquery->-r /tmp/venv1bypvmw2/requirements.txt (line 6)) (21.3)
[2023-03-07T23:46:59.741+0000] {process_utils.py:187} INFO - Requirement already satisfied: rsa<5,>=3.1.4 in /home/***/.local/lib/python3.7/site-packages (from google-auth->-r /tmp/venv1bypvmw2/requirements.txt (line 7)) (4.9)
[2023-03-07T23:46:59.754+0000] {process_utils.py:187} INFO - Requirement already satisfied: cachetools<6.0,>=2.0.0 in /home/***/.local/lib/python3.7/site-packages (from google-auth->-r /tmp/venv1bypvmw2/requirements.txt (line 7)) (4.2.2)
[2023-03-07T23:46:59.762+0000] {process_utils.py:187} INFO - Requirement already satisfied: six>=1.9.0 in /home/***/.local/lib/python3.7/site-packages (from google-auth->-r /tmp/venv1bypvmw2/requirements.txt (line 7)) (1.16.0)
[2023-03-07T23:46:59.767+0000] {process_utils.py:187} INFO - Requirement already satisfied: pyasn1-modules>=0.2.1 in /home/***/.local/lib/python3.7/site-packages (from google-auth->-r /tmp/venv1bypvmw2/requirements.txt (line 7)) (0.2.8)
[2023-03-07T23:46:59.812+0000] {process_utils.py:187} INFO - Requirement already satisfied: soupsieve>1.2 in /home/***/.local/lib/python3.7/site-packages (from beautifulsoup4->-r /tmp/venv1bypvmw2/requirements.txt (line 8)) (2.3.2.post1)
[2023-03-07T23:47:00.070+0000] {process_utils.py:187} INFO - Collecting webencodings
[2023-03-07T23:47:00.111+0000] {process_utils.py:187} INFO -   Downloading webencodings-0.5.1-py2.py3-none-any.whl (11 kB)
[2023-03-07T23:47:01.597+0000] {process_utils.py:187} INFO - Collecting shapely
[2023-03-07T23:47:01.702+0000] {process_utils.py:187} INFO -   Downloading shapely-2.0.1-cp37-cp37m-manylinux_2_17_x86_64.manylinux2014_x86_64.whl (2.3 MB)
[2023-03-07T23:47:02.129+0000] {process_utils.py:187} INFO -      ━━━━━━━━━━━━━━━━━━━━━━━━━━━━━━━━━━━━━━━━ 2.3/2.3 MB 6.6 MB/s eta 0:00:00
[2023-03-07T23:47:03.425+0000] {process_utils.py:187} INFO - Requirement already satisfied: google-cloud-spanner<2.0.0,>=1.10.0 in /home/***/.local/lib/python3.7/site-packages (from apache-***-providers-google->-r /tmp/venv1bypvmw2/requirements.txt (line 13)) (1.19.3)
[2023-03-07T23:47:03.435+0000] {process_utils.py:187} INFO - Requirement already satisfied: google-cloud-dataform>=0.2.0 in /home/***/.local/lib/python3.7/site-packages (from apache-***-providers-google->-r /tmp/venv1bypvmw2/requirements.txt (line 13)) (0.2.0)
[2023-03-07T23:47:03.448+0000] {process_utils.py:187} INFO - Requirement already satisfied: google-cloud-kms>=2.0.0 in /home/***/.local/lib/python3.7/site-packages (from apache-***-providers-google->-r /tmp/venv1bypvmw2/requirements.txt (line 13)) (2.12.0)
[2023-03-07T23:47:03.474+0000] {process_utils.py:187} INFO - Requirement already satisfied: google-cloud-memcache>=0.2.0 in /home/***/.local/lib/python3.7/site-packages (from apache-***-providers-google->-r /tmp/venv1bypvmw2/requirements.txt (line 13)) (1.4.1)
[2023-03-07T23:47:03.497+0000] {process_utils.py:187} INFO - Requirement already satisfied: google-api-python-client<2.0.0,>=1.6.0 in /home/***/.local/lib/python3.7/site-packages (from apache-***-providers-google->-r /tmp/venv1bypvmw2/requirements.txt (line 13)) (1.12.11)
[2023-03-07T23:47:03.507+0000] {process_utils.py:187} INFO - Requirement already satisfied: looker-sdk>=22.2.0 in /home/***/.local/lib/python3.7/site-packages (from apache-***-providers-google->-r /tmp/venv1bypvmw2/requirements.txt (line 13)) (22.20.0)
[2023-03-07T23:47:03.519+0000] {process_utils.py:187} INFO - Requirement already satisfied: google-cloud-build>=3.0.0 in /home/***/.local/lib/python3.7/site-packages (from apache-***-providers-google->-r /tmp/venv1bypvmw2/requirements.txt (line 13)) (3.9.0)
[2023-03-07T23:47:03.545+0000] {process_utils.py:187} INFO - Requirement already satisfied: apache-***-providers-common-sql>=1.3.1 in /home/***/.local/lib/python3.7/site-packages (from apache-***-providers-google->-r /tmp/venv1bypvmw2/requirements.txt (line 13)) (1.3.3)
[2023-03-07T23:47:03.554+0000] {process_utils.py:187} INFO - Requirement already satisfied: PyOpenSSL in /home/***/.local/lib/python3.7/site-packages (from apache-***-providers-google->-r /tmp/venv1bypvmw2/requirements.txt (line 13)) (22.1.0)
[2023-03-07T23:47:03.567+0000] {process_utils.py:187} INFO - Requirement already satisfied: google-cloud-orchestration-***<2.0.0,>=1.0.0 in /home/***/.local/lib/python3.7/site-packages (from apache-***-providers-google->-r /tmp/venv1bypvmw2/requirements.txt (line 13)) (1.4.1)
[2023-03-07T23:47:03.581+0000] {process_utils.py:187} INFO - Requirement already satisfied: google-cloud-os-login>=2.0.0 in /home/***/.local/lib/python3.7/site-packages (from apache-***-providers-google->-r /tmp/venv1bypvmw2/requirements.txt (line 13)) (2.7.1)
[2023-03-07T23:47:03.608+0000] {process_utils.py:187} INFO - Requirement already satisfied: google-cloud-vision<2.0.0,>=0.35.2 in /home/***/.local/lib/python3.7/site-packages (from apache-***-providers-google->-r /tmp/venv1bypvmw2/requirements.txt (line 13)) (1.0.2)
[2023-03-07T23:47:03.613+0000] {process_utils.py:187} INFO - Requirement already satisfied: pandas-gbq in /home/***/.local/lib/python3.7/site-packages (from apache-***-providers-google->-r /tmp/venv1bypvmw2/requirements.txt (line 13)) (0.17.9)
[2023-03-07T23:47:03.626+0000] {process_utils.py:187} INFO - Requirement already satisfied: google-cloud-bigquery-datatransfer>=3.0.0 in /home/***/.local/lib/python3.7/site-packages (from apache-***-providers-google->-r /tmp/venv1bypvmw2/requirements.txt (line 13)) (3.7.0)
[2023-03-07T23:47:03.640+0000] {process_utils.py:187} INFO - Requirement already satisfied: sqlalchemy-bigquery>=1.2.1 in /home/***/.local/lib/python3.7/site-packages (from apache-***-providers-google->-r /tmp/venv1bypvmw2/requirements.txt (line 13)) (1.5.0)
[2023-03-07T23:47:03.666+0000] {process_utils.py:187} INFO - Requirement already satisfied: google-auth-httplib2>=0.0.1 in /home/***/.local/lib/python3.7/site-packages (from apache-***-providers-google->-r /tmp/venv1bypvmw2/requirements.txt (line 13)) (0.1.0)
[2023-03-07T23:47:03.701+0000] {process_utils.py:187} INFO - Requirement already satisfied: google-cloud-dataplex>=0.1.0 in /home/***/.local/lib/python3.7/site-packages (from apache-***-providers-google->-r /tmp/venv1bypvmw2/requirements.txt (line 13)) (1.1.0)
[2023-03-07T23:47:03.725+0000] {process_utils.py:187} INFO - Requirement already satisfied: google-cloud-videointelligence<2.0.0,>=1.7.0 in /home/***/.local/lib/python3.7/site-packages (from apache-***-providers-google->-r /tmp/venv1bypvmw2/requirements.txt (line 13)) (1.16.3)
[2023-03-07T23:47:03.763+0000] {process_utils.py:187} INFO - Requirement already satisfied: google-cloud-automl>=2.1.0 in /home/***/.local/lib/python3.7/site-packages (from apache-***-providers-google->-r /tmp/venv1bypvmw2/requirements.txt (line 13)) (2.8.0)
[2023-03-07T23:47:03.793+0000] {process_utils.py:187} INFO - Requirement already satisfied: google-cloud-dataproc>=3.1.0 in /home/***/.local/lib/python3.7/site-packages (from apache-***-providers-google->-r /tmp/venv1bypvmw2/requirements.txt (line 13)) (5.0.0)
[2023-03-07T23:47:03.817+0000] {process_utils.py:187} INFO - Requirement already satisfied: google-cloud-translate<2.0.0,>=1.5.0 in /home/***/.local/lib/python3.7/site-packages (from apache-***-providers-google->-r /tmp/venv1bypvmw2/requirements.txt (line 13)) (1.7.2)
[2023-03-07T23:47:03.875+0000] {process_utils.py:187} INFO - Requirement already satisfied: gcloud-aio-auth>=4.0.0 in /home/***/.local/lib/python3.7/site-packages (from apache-***-providers-google->-r /tmp/venv1bypvmw2/requirements.txt (line 13)) (4.1.5)
[2023-03-07T23:47:03.905+0000] {process_utils.py:187} INFO - Requirement already satisfied: google-cloud-bigtable<2.0.0,>=1.0.0 in /home/***/.local/lib/python3.7/site-packages (from apache-***-providers-google->-r /tmp/venv1bypvmw2/requirements.txt (line 13)) (1.7.3)
[2023-03-07T23:47:03.918+0000] {process_utils.py:187} INFO - Requirement already satisfied: httpx in /home/***/.local/lib/python3.7/site-packages (from apache-***-providers-google->-r /tmp/venv1bypvmw2/requirements.txt (line 13)) (0.23.3)
[2023-03-07T23:47:03.975+0000] {process_utils.py:187} INFO - Requirement already satisfied: google-cloud-compute<2.0.0,>=0.1.0 in /home/***/.local/lib/python3.7/site-packages (from apache-***-providers-google->-r /tmp/venv1bypvmw2/requirements.txt (line 13)) (0.7.0)
[2023-03-07T23:47:03.986+0000] {process_utils.py:187} INFO - Requirement already satisfied: google-cloud-container<3.0.0,>=2.2.0 in /home/***/.local/lib/python3.7/site-packages (from apache-***-providers-google->-r /tmp/venv1bypvmw2/requirements.txt (line 13)) (2.11.1)
[2023-03-07T23:47:03.999+0000] {process_utils.py:187} INFO - Requirement already satisfied: google-cloud-pubsub>=2.0.0 in /home/***/.local/lib/python3.7/site-packages (from apache-***-providers-google->-r /tmp/venv1bypvmw2/requirements.txt (line 13)) (2.13.5)
[2023-03-07T23:47:04.027+0000] {process_utils.py:187} INFO - Requirement already satisfied: google-ads>=15.1.1 in /home/***/.local/lib/python3.7/site-packages (from apache-***-providers-google->-r /tmp/venv1bypvmw2/requirements.txt (line 13)) (18.0.0)
[2023-03-07T23:47:04.044+0000] {process_utils.py:187} INFO - Requirement already satisfied: google-cloud-datacatalog>=3.0.0 in /home/***/.local/lib/python3.7/site-packages (from apache-***-providers-google->-r /tmp/venv1bypvmw2/requirements.txt (line 13)) (3.9.0)
[2023-03-07T23:47:04.071+0000] {process_utils.py:187} INFO - Requirement already satisfied: google-cloud-texttospeech<2.0.0,>=0.4.0 in /home/***/.local/lib/python3.7/site-packages (from apache-***-providers-google->-r /tmp/venv1bypvmw2/requirements.txt (line 13)) (1.0.3)
[2023-03-07T23:47:04.100+0000] {process_utils.py:187} INFO - Requirement already satisfied: gcloud-aio-bigquery>=6.1.2 in /home/***/.local/lib/python3.7/site-packages (from apache-***-providers-google->-r /tmp/venv1bypvmw2/requirements.txt (line 13)) (6.2.0)
[2023-03-07T23:47:04.105+0000] {process_utils.py:187} INFO - Requirement already satisfied: gcloud-aio-storage in /home/***/.local/lib/python3.7/site-packages (from apache-***-providers-google->-r /tmp/venv1bypvmw2/requirements.txt (line 13)) (8.0.0)
[2023-03-07T23:47:04.108+0000] {process_utils.py:187} INFO - Requirement already satisfied: google-cloud-aiplatform<2.0.0,>=1.7.1 in /home/***/.local/lib/python3.7/site-packages (from apache-***-providers-google->-r /tmp/venv1bypvmw2/requirements.txt (line 13)) (1.16.1)
[2023-03-07T23:47:04.112+0000] {process_utils.py:187} INFO - Requirement already satisfied: google-cloud-redis>=2.0.0 in /home/***/.local/lib/python3.7/site-packages (from apache-***-providers-google->-r /tmp/venv1bypvmw2/requirements.txt (line 13)) (2.9.0)
[2023-03-07T23:47:04.117+0000] {process_utils.py:187} INFO - Requirement already satisfied: google-cloud-tasks>=2.0.0 in /home/***/.local/lib/python3.7/site-packages (from apache-***-providers-google->-r /tmp/venv1bypvmw2/requirements.txt (line 13)) (2.10.1)
[2023-03-07T23:47:04.122+0000] {process_utils.py:187} INFO - Requirement already satisfied: google-cloud-language<2.0.0,>=1.1.1 in /home/***/.local/lib/python3.7/site-packages (from apache-***-providers-google->-r /tmp/venv1bypvmw2/requirements.txt (line 13)) (1.3.2)
[2023-03-07T23:47:04.129+0000] {process_utils.py:187} INFO - Requirement already satisfied: google-cloud-dlp<2.0.0,>=0.11.0 in /home/***/.local/lib/python3.7/site-packages (from apache-***-providers-google->-r /tmp/venv1bypvmw2/requirements.txt (line 13)) (1.0.2)
[2023-03-07T23:47:04.136+0000] {process_utils.py:187} INFO - Requirement already satisfied: google-cloud-monitoring>=2.0.0 in /home/***/.local/lib/python3.7/site-packages (from apache-***-providers-google->-r /tmp/venv1bypvmw2/requirements.txt (line 13)) (2.11.0)
[2023-03-07T23:47:04.142+0000] {process_utils.py:187} INFO - Requirement already satisfied: google-cloud-secret-manager<2.0.0,>=0.2.0 in /home/***/.local/lib/python3.7/site-packages (from apache-***-providers-google->-r /tmp/venv1bypvmw2/requirements.txt (line 13)) (1.0.2)
[2023-03-07T23:47:04.148+0000] {process_utils.py:187} INFO - Requirement already satisfied: google-cloud-logging>=2.1.1 in /home/***/.local/lib/python3.7/site-packages (from apache-***-providers-google->-r /tmp/venv1bypvmw2/requirements.txt (line 13)) (3.2.1)
[2023-03-07T23:47:04.154+0000] {process_utils.py:187} INFO - Requirement already satisfied: google-cloud-speech<2.0.0,>=0.36.3 in /home/***/.local/lib/python3.7/site-packages (from apache-***-providers-google->-r /tmp/venv1bypvmw2/requirements.txt (line 13)) (1.3.4)
[2023-03-07T23:47:04.162+0000] {process_utils.py:187} INFO - Requirement already satisfied: google-cloud-dataproc-metastore<2.0.0,>=1.2.0 in /home/***/.local/lib/python3.7/site-packages (from apache-***-providers-google->-r /tmp/venv1bypvmw2/requirements.txt (line 13)) (1.6.0)
[2023-03-07T23:47:04.167+0000] {process_utils.py:187} INFO - Requirement already satisfied: asgiref>=3.5.2 in /home/***/.local/lib/python3.7/site-packages (from apache-***-providers-google->-r /tmp/venv1bypvmw2/requirements.txt (line 13)) (3.6.0)
[2023-03-07T23:47:04.175+0000] {process_utils.py:187} INFO - Requirement already satisfied: google-cloud-workflows<2.0.0,>=0.1.0 in /home/***/.local/lib/python3.7/site-packages (from apache-***-providers-google->-r /tmp/venv1bypvmw2/requirements.txt (line 13)) (1.7.1)
[2023-03-07T23:47:04.181+0000] {process_utils.py:187} INFO - Requirement already satisfied: json-merge-patch>=0.2 in /home/***/.local/lib/python3.7/site-packages (from apache-***-providers-google->-r /tmp/venv1bypvmw2/requirements.txt (line 13)) (0.2)
[2023-03-07T23:47:04.204+0000] {process_utils.py:187} INFO - Requirement already satisfied: grpcio-gcp>=0.2.2 in /home/***/.local/lib/python3.7/site-packages (from apache-***-providers-google->-r /tmp/venv1bypvmw2/requirements.txt (line 13)) (0.2.2)
[2023-03-07T23:47:37.089+0000] {process_utils.py:187} INFO - Requirement already satisfied: cattrs>=22.1.0 in /home/***/.local/lib/python3.7/site-packages (from apache-***[google]->-r /tmp/venv1bypvmw2/requirements.txt (line 14)) (22.2.0)
[2023-03-07T23:47:37.095+0000] {process_utils.py:187} INFO - Requirement already satisfied: itsdangerous>=2.0 in /home/***/.local/lib/python3.7/site-packages (from apache-***[google]->-r /tmp/venv1bypvmw2/requirements.txt (line 14)) (2.1.2)
[2023-03-07T23:47:37.100+0000] {process_utils.py:187} INFO - Requirement already satisfied: sqlalchemy-jsonfield>=1.0 in /home/***/.local/lib/python3.7/site-packages (from apache-***[google]->-r /tmp/venv1bypvmw2/requirements.txt (line 14)) (1.0.1.post0)
[2023-03-07T23:47:37.107+0000] {process_utils.py:187} INFO - Requirement already satisfied: flask-appbuilder==4.1.4 in /home/***/.local/lib/python3.7/site-packages (from apache-***[google]->-r /tmp/venv1bypvmw2/requirements.txt (line 14)) (4.1.4)
[2023-03-07T23:47:37.112+0000] {process_utils.py:187} INFO - Requirement already satisfied: termcolor>=1.1.0 in /home/***/.local/lib/python3.7/site-packages (from apache-***[google]->-r /tmp/venv1bypvmw2/requirements.txt (line 14)) (2.2.0)
[2023-03-07T23:47:37.132+0000] {process_utils.py:187} INFO - Requirement already satisfied: cached-property>=1.5.0 in /home/***/.local/lib/python3.7/site-packages (from apache-***[google]->-r /tmp/venv1bypvmw2/requirements.txt (line 14)) (1.5.2)
[2023-03-07T23:47:37.139+0000] {process_utils.py:187} INFO - Requirement already satisfied: linkify-it-py>=2.0.0 in /home/***/.local/lib/python3.7/site-packages (from apache-***[google]->-r /tmp/venv1bypvmw2/requirements.txt (line 14)) (2.0.0)
[2023-03-07T23:47:37.142+0000] {process_utils.py:187} INFO - Requirement already satisfied: alembic<2.0,>=1.6.3 in /home/***/.local/lib/python3.7/site-packages (from apache-***[google]->-r /tmp/venv1bypvmw2/requirements.txt (line 14)) (1.9.2)
[2023-03-07T23:47:37.146+0000] {process_utils.py:187} INFO - Requirement already satisfied: colorlog<5.0,>=4.0.2 in /home/***/.local/lib/python3.7/site-packages (from apache-***[google]->-r /tmp/venv1bypvmw2/requirements.txt (line 14)) (4.8.0)
[2023-03-07T23:47:37.150+0000] {process_utils.py:187} INFO - Requirement already satisfied: flask-login>=0.6.2 in /home/***/.local/lib/python3.7/site-packages (from apache-***[google]->-r /tmp/venv1bypvmw2/requirements.txt (line 14)) (0.6.2)
[2023-03-07T23:47:37.156+0000] {process_utils.py:187} INFO - Requirement already satisfied: dill>=0.2.2 in /home/***/.local/lib/python3.7/site-packages (from apache-***[google]->-r /tmp/venv1bypvmw2/requirements.txt (line 14)) (0.3.1.1)
[2023-03-07T23:47:37.169+0000] {process_utils.py:187} INFO - Requirement already satisfied: python-slugify>=5.0 in /home/***/.local/lib/python3.7/site-packages (from apache-***[google]->-r /tmp/venv1bypvmw2/requirements.txt (line 14)) (7.0.0)
[2023-03-07T23:47:37.174+0000] {process_utils.py:187} INFO - Requirement already satisfied: markupsafe>=1.1.1 in /home/***/.local/lib/python3.7/site-packages (from apache-***[google]->-r /tmp/venv1bypvmw2/requirements.txt (line 14)) (2.1.2)
[2023-03-07T23:47:37.179+0000] {process_utils.py:187} INFO - Requirement already satisfied: attrs>=22.1.0 in /home/***/.local/lib/python3.7/site-packages (from apache-***[google]->-r /tmp/venv1bypvmw2/requirements.txt (line 14)) (22.2.0)
[2023-03-07T23:47:37.183+0000] {process_utils.py:187} INFO - Requirement already satisfied: psutil>=4.2.0 in /home/***/.local/lib/python3.7/site-packages (from apache-***[google]->-r /tmp/venv1bypvmw2/requirements.txt (line 14)) (5.9.4)
[2023-03-07T23:47:37.189+0000] {process_utils.py:187} INFO - Requirement already satisfied: typing-extensions>=4.0.0 in /home/***/.local/lib/python3.7/site-packages (from apache-***[google]->-r /tmp/venv1bypvmw2/requirements.txt (line 14)) (4.4.0)
[2023-03-07T23:47:37.194+0000] {process_utils.py:187} INFO - Requirement already satisfied: pendulum>=2.0 in /home/***/.local/lib/python3.7/site-packages (from apache-***[google]->-r /tmp/venv1bypvmw2/requirements.txt (line 14)) (2.1.2)
[2023-03-07T23:47:37.199+0000] {process_utils.py:187} INFO - Requirement already satisfied: configupdater>=3.1.1 in /home/***/.local/lib/python3.7/site-packages (from apache-***[google]->-r /tmp/venv1bypvmw2/requirements.txt (line 14)) (3.1.1)
[2023-03-07T23:47:37.203+0000] {process_utils.py:187} INFO - Requirement already satisfied: unicodecsv>=0.14.1 in /home/***/.local/lib/python3.7/site-packages (from apache-***[google]->-r /tmp/venv1bypvmw2/requirements.txt (line 14)) (0.14.1)
[2023-03-07T23:47:37.207+0000] {process_utils.py:187} INFO - Requirement already satisfied: cron-descriptor>=1.2.24 in /home/***/.local/lib/python3.7/site-packages (from apache-***[google]->-r /tmp/venv1bypvmw2/requirements.txt (line 14)) (1.2.32)
[2023-03-07T23:47:37.212+0000] {process_utils.py:187} INFO - Requirement already satisfied: blinker in /home/***/.local/lib/python3.7/site-packages (from apache-***[google]->-r /tmp/venv1bypvmw2/requirements.txt (line 14)) (1.5)
[2023-03-07T23:47:37.221+0000] {process_utils.py:187} INFO - Requirement already satisfied: pygments>=2.0.1 in /home/***/.local/lib/python3.7/site-packages (from apache-***[google]->-r /tmp/venv1bypvmw2/requirements.txt (line 14)) (2.14.0)
[2023-03-07T23:47:37.225+0000] {process_utils.py:187} INFO - Requirement already satisfied: pluggy>=1.0 in /home/***/.local/lib/python3.7/site-packages (from apache-***[google]->-r /tmp/venv1bypvmw2/requirements.txt (line 14)) (1.0.0)
[2023-03-07T23:47:37.229+0000] {process_utils.py:187} INFO - Requirement already satisfied: graphviz>=0.12 in /home/***/.local/lib/python3.7/site-packages (from apache-***[google]->-r /tmp/venv1bypvmw2/requirements.txt (line 14)) (0.20.1)
[2023-03-07T23:47:37.233+0000] {process_utils.py:187} INFO - Requirement already satisfied: croniter>=0.3.17 in /home/***/.local/lib/python3.7/site-packages (from apache-***[google]->-r /tmp/venv1bypvmw2/requirements.txt (line 14)) (1.3.8)
[2023-03-07T23:47:37.237+0000] {process_utils.py:187} INFO - Requirement already satisfied: lazy-object-proxy in /home/***/.local/lib/python3.7/site-packages (from apache-***[google]->-r /tmp/venv1bypvmw2/requirements.txt (line 14)) (1.9.0)
[2023-03-07T23:47:37.245+0000] {process_utils.py:187} INFO - Requirement already satisfied: lockfile>=0.12.2 in /home/***/.local/lib/python3.7/site-packages (from apache-***[google]->-r /tmp/venv1bypvmw2/requirements.txt (line 14)) (0.12.2)
[2023-03-07T23:47:37.249+0000] {process_utils.py:187} INFO - Requirement already satisfied: flask-caching>=1.5.0 in /home/***/.local/lib/python3.7/site-packages (from apache-***[google]->-r /tmp/venv1bypvmw2/requirements.txt (line 14)) (2.0.2)
[2023-03-07T23:47:37.253+0000] {process_utils.py:187} INFO - Requirement already satisfied: rich>=12.4.4 in /home/***/.local/lib/python3.7/site-packages (from apache-***[google]->-r /tmp/venv1bypvmw2/requirements.txt (line 14)) (13.1.0)
[2023-03-07T23:47:37.259+0000] {process_utils.py:187} INFO - Requirement already satisfied: argcomplete>=1.10 in /home/***/.local/lib/python3.7/site-packages (from apache-***[google]->-r /tmp/venv1bypvmw2/requirements.txt (line 14)) (2.0.0)
[2023-03-07T23:47:37.265+0000] {process_utils.py:187} INFO - Requirement already satisfied: flask-wtf>=0.15 in /home/***/.local/lib/python3.7/site-packages (from apache-***[google]->-r /tmp/venv1bypvmw2/requirements.txt (line 14)) (1.1.1)
[2023-03-07T23:47:37.271+0000] {process_utils.py:187} INFO - Requirement already satisfied: pyjwt>=2.0.0 in /home/***/.local/lib/python3.7/site-packages (from apache-***[google]->-r /tmp/venv1bypvmw2/requirements.txt (line 14)) (2.6.0)
[2023-03-07T23:47:37.278+0000] {process_utils.py:187} INFO - Requirement already satisfied: tabulate>=0.7.5 in /home/***/.local/lib/python3.7/site-packages (from apache-***[google]->-r /tmp/venv1bypvmw2/requirements.txt (line 14)) (0.9.0)
[2023-03-07T23:47:37.287+0000] {process_utils.py:187} INFO - Requirement already satisfied: importlib-resources>=5.2 in /home/***/.local/lib/python3.7/site-packages (from apache-***[google]->-r /tmp/venv1bypvmw2/requirements.txt (line 14)) (5.10.2)
[2023-03-07T23:47:37.292+0000] {process_utils.py:187} INFO - Requirement already satisfied: tenacity>=6.2.0 in /home/***/.local/lib/python3.7/site-packages (from apache-***[google]->-r /tmp/venv1bypvmw2/requirements.txt (line 14)) (8.1.0)
[2023-03-07T23:47:37.299+0000] {process_utils.py:187} INFO - Requirement already satisfied: mdit-py-plugins>=0.3.0 in /home/***/.local/lib/python3.7/site-packages (from apache-***[google]->-r /tmp/venv1bypvmw2/requirements.txt (line 14)) (0.3.3)
[2023-03-07T23:47:37.306+0000] {process_utils.py:187} INFO - Requirement already satisfied: jinja2>=3.0.0 in /home/***/.local/lib/python3.7/site-packages (from apache-***[google]->-r /tmp/venv1bypvmw2/requirements.txt (line 14)) (3.1.2)
[2023-03-07T23:47:37.312+0000] {process_utils.py:187} INFO - Requirement already satisfied: marshmallow-oneofschema>=2.0.1 in /home/***/.local/lib/python3.7/site-packages (from apache-***[google]->-r /tmp/venv1bypvmw2/requirements.txt (line 14)) (3.0.1)
[2023-03-07T23:47:37.319+0000] {process_utils.py:187} INFO - Requirement already satisfied: pathspec~=0.9.0 in /home/***/.local/lib/python3.7/site-packages (from apache-***[google]->-r /tmp/venv1bypvmw2/requirements.txt (line 14)) (0.9.0)
[2023-03-07T23:47:37.322+0000] {process_utils.py:187} INFO - Requirement already satisfied: apache-***-providers-imap in /home/***/.local/lib/python3.7/site-packages (from apache-***[google]->-r /tmp/venv1bypvmw2/requirements.txt (line 14)) (3.1.1)
[2023-03-07T23:47:37.326+0000] {process_utils.py:187} INFO - Requirement already satisfied: werkzeug>=2.0 in /home/***/.local/lib/python3.7/site-packages (from apache-***[google]->-r /tmp/venv1bypvmw2/requirements.txt (line 14)) (2.2.2)
[2023-03-07T23:47:37.330+0000] {process_utils.py:187} INFO - Requirement already satisfied: apache-***-providers-sqlite in /home/***/.local/lib/python3.7/site-packages (from apache-***[google]->-r /tmp/venv1bypvmw2/requirements.txt (line 14)) (3.3.1)
[2023-03-07T23:47:37.336+0000] {process_utils.py:187} INFO - Requirement already satisfied: deprecated>=1.2.13 in /home/***/.local/lib/python3.7/site-packages (from apache-***[google]->-r /tmp/venv1bypvmw2/requirements.txt (line 14)) (1.2.13)
[2023-03-07T23:47:37.347+0000] {process_utils.py:187} INFO - Requirement already satisfied: importlib-metadata>=1.7 in /home/***/.local/lib/python3.7/site-packages (from apache-***[google]->-r /tmp/venv1bypvmw2/requirements.txt (line 14)) (4.13.0)
[2023-03-07T23:47:37.350+0000] {process_utils.py:187} INFO - Requirement already satisfied: apache-***-providers-http in /home/***/.local/lib/python3.7/site-packages (from apache-***[google]->-r /tmp/venv1bypvmw2/requirements.txt (line 14)) (4.1.1)
[2023-03-07T23:47:37.356+0000] {process_utils.py:187} INFO - Requirement already satisfied: flask-session>=0.4.0 in /home/***/.local/lib/python3.7/site-packages (from apache-***[google]->-r /tmp/venv1bypvmw2/requirements.txt (line 14)) (0.4.0)
[2023-03-07T23:47:37.362+0000] {process_utils.py:187} INFO - Requirement already satisfied: flask<2.3,>=2.2 in /home/***/.local/lib/python3.7/site-packages (from apache-***[google]->-r /tmp/venv1bypvmw2/requirements.txt (line 14)) (2.2.2)
[2023-03-07T23:47:37.374+0000] {process_utils.py:187} INFO - Requirement already satisfied: connexion[flask]>=2.10.0 in /home/***/.local/lib/python3.7/site-packages (from apache-***[google]->-r /tmp/venv1bypvmw2/requirements.txt (line 14)) (2.14.1)
[2023-03-07T23:47:37.379+0000] {process_utils.py:187} INFO - Requirement already satisfied: gunicorn>=20.1.0 in /home/***/.local/lib/python3.7/site-packages (from apache-***[google]->-r /tmp/venv1bypvmw2/requirements.txt (line 14)) (20.1.0)
[2023-03-07T23:47:37.386+0000] {process_utils.py:187} INFO - Requirement already satisfied: markdown-it-py>=2.1.0 in /home/***/.local/lib/python3.7/site-packages (from apache-***[google]->-r /tmp/venv1bypvmw2/requirements.txt (line 14)) (2.1.0)
[2023-03-07T23:47:37.397+0000] {process_utils.py:187} INFO - Requirement already satisfied: python-daemon>=2.2.4 in /home/***/.local/lib/python3.7/site-packages (from apache-***[google]->-r /tmp/venv1bypvmw2/requirements.txt (line 14)) (2.3.2)
[2023-03-07T23:47:37.412+0000] {process_utils.py:187} INFO - Requirement already satisfied: python-nvd3>=0.15.0 in /home/***/.local/lib/python3.7/site-packages (from apache-***[google]->-r /tmp/venv1bypvmw2/requirements.txt (line 14)) (0.15.0)
[2023-03-07T23:47:37.418+0000] {process_utils.py:187} INFO - Requirement already satisfied: markdown>=3.0 in /home/***/.local/lib/python3.7/site-packages (from apache-***[google]->-r /tmp/venv1bypvmw2/requirements.txt (line 14)) (3.4.1)
[2023-03-07T23:47:37.422+0000] {process_utils.py:187} INFO - Requirement already satisfied: setproctitle>=1.1.8 in /home/***/.local/lib/python3.7/site-packages (from apache-***[google]->-r /tmp/venv1bypvmw2/requirements.txt (line 14)) (1.3.2)
[2023-03-07T23:47:37.427+0000] {process_utils.py:187} INFO - Requirement already satisfied: apache-***-providers-ftp in /home/***/.local/lib/python3.7/site-packages (from apache-***[google]->-r /tmp/venv1bypvmw2/requirements.txt (line 14)) (3.3.0)
[2023-03-07T23:47:37.432+0000] {process_utils.py:187} INFO - Requirement already satisfied: jsonschema>=3.2.0 in /home/***/.local/lib/python3.7/site-packages (from apache-***[google]->-r /tmp/venv1bypvmw2/requirements.txt (line 14)) (4.17.3)
[2023-03-07T23:47:37.444+0000] {process_utils.py:187} INFO - Requirement already satisfied: cryptography>=0.9.3 in /home/***/.local/lib/python3.7/site-packages (from apache-***[google]->-r /tmp/venv1bypvmw2/requirements.txt (line 14)) (38.0.4)
[2023-03-07T23:47:37.448+0000] {process_utils.py:187} INFO - Requirement already satisfied: sqlalchemy<2.0,>=1.4 in /home/***/.local/lib/python3.7/site-packages (from apache-***[google]->-r /tmp/venv1bypvmw2/requirements.txt (line 14)) (1.4.46)
[2023-03-07T23:47:37.610+0000] {process_utils.py:187} INFO - Requirement already satisfied: Flask-SQLAlchemy<3,>=2.4 in /home/***/.local/lib/python3.7/site-packages (from flask-appbuilder==4.1.4->apache-***[google]->-r /tmp/venv1bypvmw2/requirements.txt (line 14)) (2.5.1)
[2023-03-07T23:47:37.616+0000] {process_utils.py:187} INFO - Requirement already satisfied: apispec[yaml]<4,>=3.3 in /home/***/.local/lib/python3.7/site-packages (from flask-appbuilder==4.1.4->apache-***[google]->-r /tmp/venv1bypvmw2/requirements.txt (line 14)) (3.3.2)
[2023-03-07T23:47:37.622+0000] {process_utils.py:187} INFO - Requirement already satisfied: colorama<1,>=0.3.9 in /home/***/.local/lib/python3.7/site-packages (from flask-appbuilder==4.1.4->apache-***[google]->-r /tmp/venv1bypvmw2/requirements.txt (line 14)) (0.4.6)
[2023-03-07T23:47:37.626+0000] {process_utils.py:187} INFO - Requirement already satisfied: email-validator<2,>=1.0.5 in /home/***/.local/lib/python3.7/site-packages (from flask-appbuilder==4.1.4->apache-***[google]->-r /tmp/venv1bypvmw2/requirements.txt (line 14)) (1.3.0)
[2023-03-07T23:47:37.631+0000] {process_utils.py:187} INFO - Requirement already satisfied: marshmallow<4,>=3 in /home/***/.local/lib/python3.7/site-packages (from flask-appbuilder==4.1.4->apache-***[google]->-r /tmp/venv1bypvmw2/requirements.txt (line 14)) (3.19.0)
[2023-03-07T23:47:37.640+0000] {process_utils.py:187} INFO - Requirement already satisfied: Flask-Babel<3,>=1 in /home/***/.local/lib/python3.7/site-packages (from flask-appbuilder==4.1.4->apache-***[google]->-r /tmp/venv1bypvmw2/requirements.txt (line 14)) (2.0.0)
[2023-03-07T23:47:37.647+0000] {process_utils.py:187} INFO - Requirement already satisfied: sqlalchemy-utils<1,>=0.32.21 in /home/***/.local/lib/python3.7/site-packages (from flask-appbuilder==4.1.4->apache-***[google]->-r /tmp/venv1bypvmw2/requirements.txt (line 14)) (0.39.0)
[2023-03-07T23:47:37.653+0000] {process_utils.py:187} INFO - Requirement already satisfied: prison<1.0.0,>=0.2.1 in /home/***/.local/lib/python3.7/site-packages (from flask-appbuilder==4.1.4->apache-***[google]->-r /tmp/venv1bypvmw2/requirements.txt (line 14)) (0.2.1)
[2023-03-07T23:47:37.664+0000] {process_utils.py:187} INFO - Requirement already satisfied: Flask-JWT-Extended<5.0.0,>=4.0.0 in /home/***/.local/lib/python3.7/site-packages (from flask-appbuilder==4.1.4->apache-***[google]->-r /tmp/venv1bypvmw2/requirements.txt (line 14)) (4.4.4)
[2023-03-07T23:47:37.681+0000] {process_utils.py:187} INFO - Requirement already satisfied: WTForms<4 in /home/***/.local/lib/python3.7/site-packages (from flask-appbuilder==4.1.4->apache-***[google]->-r /tmp/venv1bypvmw2/requirements.txt (line 14)) (3.0.1)
[2023-03-07T23:47:37.684+0000] {process_utils.py:187} INFO - Requirement already satisfied: click<9,>=8 in /home/***/.local/lib/python3.7/site-packages (from flask-appbuilder==4.1.4->apache-***[google]->-r /tmp/venv1bypvmw2/requirements.txt (line 14)) (8.1.3)
[2023-03-07T23:47:37.691+0000] {process_utils.py:187} INFO - Requirement already satisfied: marshmallow-enum<2,>=1.5.1 in /home/***/.local/lib/python3.7/site-packages (from flask-appbuilder==4.1.4->apache-***[google]->-r /tmp/venv1bypvmw2/requirements.txt (line 14)) (1.5.1)
[2023-03-07T23:47:37.695+0000] {process_utils.py:187} INFO - Requirement already satisfied: marshmallow-sqlalchemy<0.27.0,>=0.22.0 in /home/***/.local/lib/python3.7/site-packages (from flask-appbuilder==4.1.4->apache-***[google]->-r /tmp/venv1bypvmw2/requirements.txt (line 14)) (0.26.1)
[2023-03-07T23:47:38.424+0000] {process_utils.py:187} INFO - Collecting tqdm
[2023-03-07T23:47:38.463+0000] {process_utils.py:187} INFO -   Downloading tqdm-4.65.0-py3-none-any.whl (77 kB)
[2023-03-07T23:47:38.519+0000] {process_utils.py:187} INFO -      ━━━━━━━━━━━━━━━━━━━━━━━━━━━━━━━━━━━━━━━━ 77.1/77.1 kB 2.6 MB/s eta 0:00:00
[2023-03-07T23:47:38.714+0000] {process_utils.py:187} INFO - Collecting oauth2client>=4.0.0
[2023-03-07T23:47:38.749+0000] {process_utils.py:187} INFO -   Downloading oauth2client-4.1.3-py2.py3-none-any.whl (98 kB)
[2023-03-07T23:47:38.780+0000] {process_utils.py:187} INFO -      ━━━━━━━━━━━━━━━━━━━━━━━━━━━━━━━━━━━━━━━━ 98.2/98.2 kB 5.9 MB/s eta 0:00:00
[2023-03-07T23:47:38.796+0000] {process_utils.py:187} INFO - Requirement already satisfied: PyYAML>=3.0 in /home/***/.local/lib/python3.7/site-packages (from pydrive->-r /tmp/venv1bypvmw2/requirements.txt (line 16)) (6.0)
[2023-03-07T23:47:38.912+0000] {process_utils.py:187} INFO - Requirement already satisfied: charset-normalizer<3.0,>=2.0 in /home/***/.local/lib/python3.7/site-packages (from aiohttp!=4.0.0a0,!=4.0.0a1->gcsfs->-r /tmp/venv1bypvmw2/requirements.txt (line 3)) (2.1.1)
[2023-03-07T23:47:38.920+0000] {process_utils.py:187} INFO - Requirement already satisfied: aiosignal>=1.1.2 in /home/***/.local/lib/python3.7/site-packages (from aiohttp!=4.0.0a0,!=4.0.0a1->gcsfs->-r /tmp/venv1bypvmw2/requirements.txt (line 3)) (1.3.1)
[2023-03-07T23:47:38.924+0000] {process_utils.py:187} INFO - Requirement already satisfied: yarl<2.0,>=1.0 in /home/***/.local/lib/python3.7/site-packages (from aiohttp!=4.0.0a0,!=4.0.0a1->gcsfs->-r /tmp/venv1bypvmw2/requirements.txt (line 3)) (1.8.2)
[2023-03-07T23:47:38.929+0000] {process_utils.py:187} INFO - Requirement already satisfied: async-timeout<5.0,>=4.0.0a3 in /home/***/.local/lib/python3.7/site-packages (from aiohttp!=4.0.0a0,!=4.0.0a1->gcsfs->-r /tmp/venv1bypvmw2/requirements.txt (line 3)) (4.0.2)
[2023-03-07T23:47:38.939+0000] {process_utils.py:187} INFO - Requirement already satisfied: asynctest==0.13.0 in /home/***/.local/lib/python3.7/site-packages (from aiohttp!=4.0.0a0,!=4.0.0a1->gcsfs->-r /tmp/venv1bypvmw2/requirements.txt (line 3)) (0.13.0)
[2023-03-07T23:47:38.944+0000] {process_utils.py:187} INFO - Requirement already satisfied: frozenlist>=1.1.1 in /home/***/.local/lib/python3.7/site-packages (from aiohttp!=4.0.0a0,!=4.0.0a1->gcsfs->-r /tmp/venv1bypvmw2/requirements.txt (line 3)) (1.3.3)
[2023-03-07T23:47:38.948+0000] {process_utils.py:187} INFO - Requirement already satisfied: multidict<7.0,>=4.5 in /home/***/.local/lib/python3.7/site-packages (from aiohttp!=4.0.0a0,!=4.0.0a1->gcsfs->-r /tmp/venv1bypvmw2/requirements.txt (line 3)) (6.0.4)
[2023-03-07T23:47:39.008+0000] {process_utils.py:187} INFO - Requirement already satisfied: Mako in /home/***/.local/lib/python3.7/site-packages (from alembic<2.0,>=1.6.3->apache-***[google]->-r /tmp/venv1bypvmw2/requirements.txt (line 14)) (1.2.4)
[2023-03-07T23:47:39.080+0000] {process_utils.py:187} INFO - Requirement already satisfied: sqlparse>=0.4.2 in /home/***/.local/lib/python3.7/site-packages (from apache-***-providers-common-sql>=1.3.1->apache-***-providers-google->-r /tmp/venv1bypvmw2/requirements.txt (line 13)) (0.4.3)
[2023-03-07T23:47:39.494+0000] {process_utils.py:187} INFO - Requirement already satisfied: exceptiongroup in /home/***/.local/lib/python3.7/site-packages (from cattrs>=22.1.0->apache-***[google]->-r /tmp/venv1bypvmw2/requirements.txt (line 14)) (1.1.0)
[2023-03-07T23:47:39.803+0000] {process_utils.py:187} INFO - Requirement already satisfied: clickclick<21,>=1.2 in /home/***/.local/lib/python3.7/site-packages (from connexion[flask]>=2.10.0->apache-***[google]->-r /tmp/venv1bypvmw2/requirements.txt (line 14)) (20.10.2)
[2023-03-07T23:47:39.813+0000] {process_utils.py:187} INFO - Requirement already satisfied: inflection<0.6,>=0.3.1 in /home/***/.local/lib/python3.7/site-packages (from connexion[flask]>=2.10.0->apache-***[google]->-r /tmp/venv1bypvmw2/requirements.txt (line 14)) (0.5.1)
[2023-03-07T23:47:40.002+0000] {process_utils.py:187} INFO - Requirement already satisfied: cffi>=1.12 in /home/***/.local/lib/python3.7/site-packages (from cryptography>=0.9.3->apache-***[google]->-r /tmp/venv1bypvmw2/requirements.txt (line 14)) (1.15.1)
[2023-03-07T23:47:40.139+0000] {process_utils.py:187} INFO - Requirement already satisfied: wrapt<2,>=1.10 in /home/***/.local/lib/python3.7/site-packages (from deprecated>=1.2.13->apache-***[google]->-r /tmp/venv1bypvmw2/requirements.txt (line 14)) (1.14.1)
[2023-03-07T23:47:40.395+0000] {process_utils.py:187} INFO - Requirement already satisfied: cachelib<0.10.0,>=0.9.0 in /home/***/.local/lib/python3.7/site-packages (from flask-caching>=1.5.0->apache-***[google]->-r /tmp/venv1bypvmw2/requirements.txt (line 14)) (0.9.0)
[2023-03-07T23:47:40.636+0000] {process_utils.py:187} INFO - Requirement already satisfied: future<0.19.0,>=0.17.0 in /home/***/.local/lib/python3.7/site-packages (from gcloud-aio-auth>=4.0.0->apache-***-providers-google->-r /tmp/venv1bypvmw2/requirements.txt (line 13)) (0.18.3)
[2023-03-07T23:47:40.659+0000] {process_utils.py:187} INFO - Requirement already satisfied: backoff<3.0.0,>=1.0.0 in /home/***/.local/lib/python3.7/site-packages (from gcloud-aio-auth>=4.0.0->apache-***-providers-google->-r /tmp/venv1bypvmw2/requirements.txt (line 13)) (1.10.0)
[2023-03-07T23:47:40.662+0000] {process_utils.py:187} INFO - Requirement already satisfied: chardet<4.1,>=2.0 in /home/***/.local/lib/python3.7/site-packages (from gcloud-aio-auth>=4.0.0->apache-***-providers-google->-r /tmp/venv1bypvmw2/requirements.txt (line 13)) (4.0.0)
[2023-03-07T23:47:40.926+0000] {process_utils.py:187} INFO - Requirement already satisfied: setuptools>=40.3.0 in /tmp/venv1bypvmw2/lib/python3.7/site-packages (from google-ads>=15.1.1->apache-***-providers-google->-r /tmp/venv1bypvmw2/requirements.txt (line 13)) (65.6.3)
[2023-03-07T23:47:40.930+0000] {process_utils.py:187} INFO - Requirement already satisfied: grpcio-status<2.0.0,>=1.38.1 in /home/***/.local/lib/python3.7/site-packages (from google-ads>=15.1.1->apache-***-providers-google->-r /tmp/venv1bypvmw2/requirements.txt (line 13)) (1.48.2)
[2023-03-07T23:47:40.944+0000] {process_utils.py:187} INFO - Requirement already satisfied: googleapis-common-protos<2.0.0,>=1.5.8 in /home/***/.local/lib/python3.7/site-packages (from google-ads>=15.1.1->apache-***-providers-google->-r /tmp/venv1bypvmw2/requirements.txt (line 13)) (1.56.4)
[2023-03-07T23:47:41.562+0000] {process_utils.py:187} INFO - Requirement already satisfied: httplib2<1dev,>=0.15.0 in /home/***/.local/lib/python3.7/site-packages (from google-api-python-client<2.0.0,>=1.6.0->apache-***-providers-google->-r /tmp/venv1bypvmw2/requirements.txt (line 13)) (0.20.4)
[2023-03-07T23:47:41.578+0000] {process_utils.py:187} INFO - Requirement already satisfied: uritemplate<4dev,>=3.0.0 in /home/***/.local/lib/python3.7/site-packages (from google-api-python-client<2.0.0,>=1.6.0->apache-***-providers-google->-r /tmp/venv1bypvmw2/requirements.txt (line 13)) (3.0.1)
[2023-03-07T23:47:41.783+0000] {process_utils.py:187} INFO - Requirement already satisfied: requests-oauthlib>=0.7.0 in /home/***/.local/lib/python3.7/site-packages (from google-auth-oauthlib->gcsfs->-r /tmp/venv1bypvmw2/requirements.txt (line 3)) (1.3.1)
[2023-03-07T23:47:42.756+0000] {process_utils.py:187} INFO - Requirement already satisfied: google-cloud-resource-manager<3.0.0dev,>=1.3.3 in /home/***/.local/lib/python3.7/site-packages (from google-cloud-aiplatform<2.0.0,>=1.7.1->apache-***-providers-google->-r /tmp/venv1bypvmw2/requirements.txt (line 13)) (1.6.0)
[2023-03-07T23:47:43.513+0000] {process_utils.py:187} INFO - Requirement already satisfied: grpc-google-iam-v1<0.13dev,>=0.12.3 in /home/***/.local/lib/python3.7/site-packages (from google-cloud-bigtable<2.0.0,>=1.0.0->apache-***-providers-google->-r /tmp/venv1bypvmw2/requirements.txt (line 13)) (0.12.4)
[2023-03-07T23:47:48.359+0000] {process_utils.py:187} INFO - Requirement already satisfied: google-cloud-appengine-logging<2.0.0dev,>=0.1.0 in /home/***/.local/lib/python3.7/site-packages (from google-cloud-logging>=2.1.1->apache-***-providers-google->-r /tmp/venv1bypvmw2/requirements.txt (line 13)) (1.1.3)
[2023-03-07T23:47:48.365+0000] {process_utils.py:187} INFO - Requirement already satisfied: google-cloud-audit-log<1.0.0dev,>=0.1.0 in /home/***/.local/lib/python3.7/site-packages (from google-cloud-logging>=2.1.1->apache-***-providers-google->-r /tmp/venv1bypvmw2/requirements.txt (line 13)) (0.2.4)
[2023-03-07T23:47:53.768+0000] {process_utils.py:187} INFO - Requirement already satisfied: google-crc32c<2.0dev,>=1.0 in /home/***/.local/lib/python3.7/site-packages (from google-resumable-media>=2.3.2->google-cloud-storage->-r /tmp/venv1bypvmw2/requirements.txt (line 5)) (1.5.0)
[2023-03-07T23:47:54.860+0000] {process_utils.py:187} INFO - Requirement already satisfied: zipp>=0.5 in /home/***/.local/lib/python3.7/site-packages (from importlib-metadata>=1.7->apache-***[google]->-r /tmp/venv1bypvmw2/requirements.txt (line 14)) (3.11.0)
[2023-03-07T23:47:56.012+0000] {process_utils.py:187} INFO - Requirement already satisfied: pkgutil-resolve-name>=1.3.10 in /home/***/.local/lib/python3.7/site-packages (from jsonschema>=3.2.0->apache-***[google]->-r /tmp/venv1bypvmw2/requirements.txt (line 14)) (1.3.10)
[2023-03-07T23:47:56.022+0000] {process_utils.py:187} INFO - Requirement already satisfied: pyrsistent!=0.17.0,!=0.17.1,!=0.17.2,>=0.14.0 in /home/***/.local/lib/python3.7/site-packages (from jsonschema>=3.2.0->apache-***[google]->-r /tmp/venv1bypvmw2/requirements.txt (line 14)) (0.19.3)
[2023-03-07T23:47:56.199+0000] {process_utils.py:187} INFO - Requirement already satisfied: uc-micro-py in /home/***/.local/lib/python3.7/site-packages (from linkify-it-py>=2.0.0->apache-***[google]->-r /tmp/venv1bypvmw2/requirements.txt (line 14)) (1.0.1)
[2023-03-07T23:47:57.173+0000] {process_utils.py:187} INFO - Requirement already satisfied: mdurl~=0.1 in /home/***/.local/lib/python3.7/site-packages (from markdown-it-py>=2.1.0->apache-***[google]->-r /tmp/venv1bypvmw2/requirements.txt (line 14)) (0.1.2)
[2023-03-07T23:47:57.873+0000] {process_utils.py:187} INFO - Requirement already satisfied: pyasn1>=0.1.7 in /home/***/.local/lib/python3.7/site-packages (from oauth2client>=4.0.0->pydrive->-r /tmp/venv1bypvmw2/requirements.txt (line 16)) (0.4.8)
[2023-03-07T23:47:57.957+0000] {process_utils.py:187} INFO - Requirement already satisfied: pyparsing!=3.0.5,>=2.0.2 in /home/***/.local/lib/python3.7/site-packages (from packaging<22.0dev,>=14.3->google-cloud-bigquery->-r /tmp/venv1bypvmw2/requirements.txt (line 6)) (3.0.9)
[2023-03-07T23:47:58.434+0000] {process_utils.py:187} INFO - Requirement already satisfied: pytzdata>=2020.1 in /home/***/.local/lib/python3.7/site-packages (from pendulum>=2.0->apache-***[google]->-r /tmp/venv1bypvmw2/requirements.txt (line 14)) (2020.1)
[2023-03-07T23:48:00.192+0000] {process_utils.py:187} INFO - Requirement already satisfied: docutils in /home/***/.local/lib/python3.7/site-packages (from python-daemon>=2.2.4->apache-***[google]->-r /tmp/venv1bypvmw2/requirements.txt (line 14)) (0.19)
[2023-03-07T23:48:01.034+0000] {process_utils.py:187} INFO - Requirement already satisfied: text-unidecode>=1.3 in /home/***/.local/lib/python3.7/site-packages (from python-slugify>=5.0->apache-***[google]->-r /tmp/venv1bypvmw2/requirements.txt (line 14)) (1.3)
[2023-03-07T23:48:01.733+0000] {process_utils.py:187} INFO - Requirement already satisfied: idna<4,>=2.5 in /home/***/.local/lib/python3.7/site-packages (from requests->gcsfs->-r /tmp/venv1bypvmw2/requirements.txt (line 3)) (3.4)
[2023-03-07T23:48:01.965+0000] {process_utils.py:187} INFO - Requirement already satisfied: commonmark<0.10.0,>=0.9.0 in /home/***/.local/lib/python3.7/site-packages (from rich>=12.4.4->apache-***[google]->-r /tmp/venv1bypvmw2/requirements.txt (line 14)) (0.9.1)
[2023-03-07T23:48:04.689+0000] {process_utils.py:187} INFO - Requirement already satisfied: greenlet!=0.4.17 in /home/***/.local/lib/python3.7/site-packages (from sqlalchemy<2.0,>=1.4->apache-***[google]->-r /tmp/venv1bypvmw2/requirements.txt (line 14)) (2.0.1)
[2023-03-07T23:48:05.133+0000] {process_utils.py:187} INFO - Requirement already satisfied: pyarrow>=3.0.0 in /home/***/.local/lib/python3.7/site-packages (from sqlalchemy-bigquery>=1.2.1->apache-***-providers-google->-r /tmp/venv1bypvmw2/requirements.txt (line 13)) (9.0.0)
[2023-03-07T23:48:05.151+0000] {process_utils.py:187} INFO - Requirement already satisfied: google-cloud-bigquery-storage<3.0.0dev,>=2.0.0 in /home/***/.local/lib/python3.7/site-packages (from sqlalchemy-bigquery>=1.2.1->apache-***-providers-google->-r /tmp/venv1bypvmw2/requirements.txt (line 13)) (2.14.1)
[2023-03-07T23:48:06.886+0000] {process_utils.py:187} INFO - Collecting async-generator>=1.9
[2023-03-07T23:48:06.927+0000] {process_utils.py:187} INFO -   Downloading async_generator-1.10-py3-none-any.whl (18 kB)
[2023-03-07T23:48:07.181+0000] {process_utils.py:187} INFO - Collecting outcome
[2023-03-07T23:48:07.242+0000] {process_utils.py:187} INFO -   Downloading outcome-1.2.0-py2.py3-none-any.whl (9.7 kB)
[2023-03-07T23:48:07.273+0000] {process_utils.py:187} INFO - Requirement already satisfied: sniffio in /home/***/.local/lib/python3.7/site-packages (from trio~=0.17->selenium->-r /tmp/venv1bypvmw2/requirements.txt (line 1)) (1.3.0)
[2023-03-07T23:48:07.278+0000] {process_utils.py:187} INFO - Requirement already satisfied: sortedcontainers in /home/***/.local/lib/python3.7/site-packages (from trio~=0.17->selenium->-r /tmp/venv1bypvmw2/requirements.txt (line 1)) (2.4.0)
[2023-03-07T23:48:07.716+0000] {process_utils.py:187} INFO - Collecting wsproto>=0.14
[2023-03-07T23:48:07.795+0000] {process_utils.py:187} INFO -   Downloading wsproto-1.2.0-py3-none-any.whl (24 kB)
[2023-03-07T23:48:09.745+0000] {process_utils.py:187} INFO - Collecting PySocks!=1.5.7,<2.0,>=1.5.6
[2023-03-07T23:48:09.800+0000] {process_utils.py:187} INFO -   Downloading PySocks-1.7.1-py3-none-any.whl (16 kB)
[2023-03-07T23:48:10.789+0000] {process_utils.py:187} INFO - Requirement already satisfied: requests-toolbelt in /home/***/.local/lib/python3.7/site-packages (from apache-***-providers-http->apache-***[google]->-r /tmp/venv1bypvmw2/requirements.txt (line 14)) (0.10.1)
[2023-03-07T23:48:11.877+0000] {process_utils.py:187} INFO - Requirement already satisfied: aiofiles<23.0.0,>=0.6.0 in /home/***/.local/lib/python3.7/site-packages (from gcloud-aio-storage->apache-***-providers-google->-r /tmp/venv1bypvmw2/requirements.txt (line 13)) (22.1.0)
[2023-03-07T23:48:12.096+0000] {process_utils.py:187} INFO - Requirement already satisfied: rfc3986[idna2008]<2,>=1.3 in /home/***/.local/lib/python3.7/site-packages (from httpx->apache-***-providers-google->-r /tmp/venv1bypvmw2/requirements.txt (line 13)) (1.5.0)
[2023-03-07T23:48:12.100+0000] {process_utils.py:187} INFO - Requirement already satisfied: httpcore<0.17.0,>=0.15.0 in /home/***/.local/lib/python3.7/site-packages (from httpx->apache-***-providers-google->-r /tmp/venv1bypvmw2/requirements.txt (line 13)) (0.16.3)
[2023-03-07T23:48:12.849+0000] {process_utils.py:187} INFO - Requirement already satisfied: pydata-google-auth in /home/***/.local/lib/python3.7/site-packages (from pandas-gbq->apache-***-providers-google->-r /tmp/venv1bypvmw2/requirements.txt (line 13)) (1.5.0)
[2023-03-07T23:48:12.892+0000] {process_utils.py:187} INFO - Requirement already satisfied: db-dtypes<2.0.0,>=0.3.1 in /home/***/.local/lib/python3.7/site-packages (from pandas-gbq->apache-***-providers-google->-r /tmp/venv1bypvmw2/requirements.txt (line 13)) (1.0.5)
[2023-03-07T23:48:16.974+0000] {process_utils.py:187} INFO - Requirement already satisfied: pycparser in /home/***/.local/lib/python3.7/site-packages (from cffi>=1.12->cryptography>=0.9.3->apache-***[google]->-r /tmp/venv1bypvmw2/requirements.txt (line 14)) (2.21)
[2023-03-07T23:48:19.045+0000] {process_utils.py:187} INFO - Requirement already satisfied: dnspython>=1.15.0 in /home/***/.local/lib/python3.7/site-packages (from email-validator<2,>=1.0.5->flask-appbuilder==4.1.4->apache-***[google]->-r /tmp/venv1bypvmw2/requirements.txt (line 14)) (2.3.0)
[2023-03-07T23:48:19.708+0000] {process_utils.py:187} INFO - Requirement already satisfied: Babel>=2.3 in /home/***/.local/lib/python3.7/site-packages (from Flask-Babel<3,>=1->flask-appbuilder==4.1.4->apache-***[google]->-r /tmp/venv1bypvmw2/requirements.txt (line 14)) (2.11.0)
[2023-03-07T23:48:21.141+0000] {process_utils.py:187} INFO - WARNING: google-api-core 2.8.2 does not provide the extra 'grpcgcp'
[2023-03-07T23:48:25.441+0000] {process_utils.py:187} INFO - Requirement already satisfied: h11<0.15,>=0.13 in /home/***/.local/lib/python3.7/site-packages (from httpcore<0.17.0,>=0.15.0->httpx->apache-***-providers-google->-r /tmp/venv1bypvmw2/requirements.txt (line 13)) (0.14.0)
[2023-03-07T23:48:25.453+0000] {process_utils.py:187} INFO - Requirement already satisfied: anyio<5.0,>=3.0 in /home/***/.local/lib/python3.7/site-packages (from httpcore<0.17.0,>=0.15.0->httpx->apache-***-providers-google->-r /tmp/venv1bypvmw2/requirements.txt (line 13)) (3.6.2)
[2023-03-07T23:48:31.555+0000] {process_utils.py:187} INFO - Requirement already satisfied: oauthlib>=3.0.0 in /home/***/.local/lib/python3.7/site-packages (from requests-oauthlib>=0.7.0->google-auth-oauthlib->gcsfs->-r /tmp/venv1bypvmw2/requirements.txt (line 3)) (3.2.2)
[2023-03-07T23:48:38.856+0000] {process_utils.py:187} INFO - Building wheels for collected packages: tzwhere, pydrive
[2023-03-07T23:48:38.860+0000] {process_utils.py:187} INFO -   Building wheel for tzwhere (setup.py): started
[2023-03-07T23:48:49.708+0000] {process_utils.py:187} INFO -   Building wheel for tzwhere (setup.py): finished with status 'done'
[2023-03-07T23:48:49.937+0000] {process_utils.py:187} INFO -   Created wheel for tzwhere: filename=tzwhere-3.0.3-py3-none-any.whl size=23742580 sha256=976b62e6af2bc9ea154b6b05307b51abea69460390148ca97d7e0e7c3d792e87
[2023-03-07T23:48:49.940+0000] {process_utils.py:187} INFO -   Stored in directory: /home/***/.cache/pip/wheels/09/ed/34/25055fb9d35e6364510f18ecf1f24cfc4d7cdabfee410f6918
[2023-03-07T23:48:49.949+0000] {process_utils.py:187} INFO -   Building wheel for pydrive (setup.py): started
[2023-03-07T23:48:53.572+0000] {process_utils.py:187} INFO -   Building wheel for pydrive (setup.py): finished with status 'done'
[2023-03-07T23:48:53.575+0000] {process_utils.py:187} INFO -   Created wheel for pydrive: filename=PyDrive-1.3.1-py3-none-any.whl size=27436 sha256=d141b61babd6641a5b505bc19c2e518104e2adc5bbc1ab65bb9ad993ab9af623
[2023-03-07T23:48:53.578+0000] {process_utils.py:187} INFO -   Stored in directory: /home/***/.cache/pip/wheels/00/b5/ad/362ba694ab0be3e5d6041a8c42dd9fbd1fd97503a02b56a15f
[2023-03-07T23:48:53.588+0000] {process_utils.py:187} INFO - Successfully built tzwhere pydrive
[2023-03-07T23:48:57.599+0000] {process_utils.py:187} INFO - Installing collected packages: webencodings, tqdm, shapely, PySocks, outcome, html5lib, fsspec, async-generator, wsproto, tzwhere, trio, oauth2client, trio-websocket, openai, selenium, pydrive, gcsfs
[2023-03-07T23:48:59.264+0000] {process_utils.py:187} INFO -   Attempting uninstall: fsspec
[2023-03-07T23:48:59.289+0000] {process_utils.py:187} INFO -     Found existing installation: fsspec 2022.11.0
[2023-03-07T23:48:59.297+0000] {process_utils.py:187} INFO -     Not uninstalling fsspec at /home/***/.local/lib/python3.7/site-packages, outside environment /tmp/venv1bypvmw2
[2023-03-07T23:48:59.302+0000] {process_utils.py:187} INFO -     Can't uninstall 'fsspec'. No files were found to uninstall.
[2023-03-07T23:49:09.893+0000] {process_utils.py:187} INFO - Successfully installed PySocks-1.7.1 async-generator-1.10 fsspec-2023.1.0 gcsfs-2023.1.0 html5lib-1.1 oauth2client-4.1.3 openai-0.27.0 outcome-1.2.0 pydrive-1.3.1 selenium-4.8.2 shapely-2.0.1 tqdm-4.65.0 trio-0.22.0 trio-websocket-0.9.2 tzwhere-3.0.3 webencodings-0.5.1 wsproto-1.2.0
[2023-03-07T23:49:10.554+0000] {process_utils.py:187} INFO - 
[2023-03-07T23:49:10.557+0000] {process_utils.py:187} INFO - [notice] A new release of pip available: 22.3.1 -> 23.0.1
[2023-03-07T23:49:10.561+0000] {process_utils.py:187} INFO - [notice] To update, run: python -m pip install --upgrade pip
[2023-03-07T23:49:11.252+0000] {process_utils.py:179} INFO - Executing cmd: /tmp/venv1bypvmw2/bin/python /tmp/venv1bypvmw2/script.py /tmp/venv1bypvmw2/script.in /tmp/venv1bypvmw2/script.out /tmp/venv1bypvmw2/string_args.txt
[2023-03-07T23:49:11.278+0000] {process_utils.py:183} INFO - Output:
[2023-03-07T23:49:14.590+0000] {process_utils.py:187} INFO - Traceback (most recent call last):
[2023-03-07T23:49:14.593+0000] {process_utils.py:187} INFO -   File "/tmp/venv1bypvmw2/script.py", line 36, in <module>
[2023-03-07T23:49:14.596+0000] {process_utils.py:187} INFO -     res = google_drive_upload(*arg_dict["args"], **arg_dict["kwargs"])
[2023-03-07T23:49:14.599+0000] {process_utils.py:187} INFO -   File "/tmp/venv1bypvmw2/script.py", line 33, in google_drive_upload
[2023-03-07T23:49:14.605+0000] {process_utils.py:187} INFO -     file.SetContentFile(os.path.join(data_dir,config['bitcoin_consolidated']))
[2023-03-07T23:49:14.607+0000] {process_utils.py:187} INFO - NameError: name 'os' is not defined
[2023-03-07T23:49:15.034+0000] {taskinstance.py:1768} ERROR - Task failed with exception
Traceback (most recent call last):
  File "/home/airflow/.local/lib/python3.7/site-packages/airflow/operators/python.py", line 356, in execute
    return super().execute(context=serializable_context)
  File "/home/airflow/.local/lib/python3.7/site-packages/airflow/operators/python.py", line 175, in execute
    return_value = self.execute_callable()
  File "/home/airflow/.local/lib/python3.7/site-packages/airflow/operators/python.py", line 553, in execute_callable
    return self._execute_python_callable_in_subprocess(python_path, tmp_path)
  File "/home/airflow/.local/lib/python3.7/site-packages/airflow/operators/python.py", line 418, in _execute_python_callable_in_subprocess
    os.fspath(string_args_path),
  File "/home/airflow/.local/lib/python3.7/site-packages/airflow/utils/process_utils.py", line 168, in execute_in_subprocess
    execute_in_subprocess_with_kwargs(cmd, cwd=cwd)
  File "/home/airflow/.local/lib/python3.7/site-packages/airflow/utils/process_utils.py", line 191, in execute_in_subprocess_with_kwargs
    raise subprocess.CalledProcessError(exit_code, cmd)
subprocess.CalledProcessError: Command '['/tmp/venv1bypvmw2/bin/python', '/tmp/venv1bypvmw2/script.py', '/tmp/venv1bypvmw2/script.in', '/tmp/venv1bypvmw2/script.out', '/tmp/venv1bypvmw2/string_args.txt']' returned non-zero exit status 1.
[2023-03-07T23:49:15.069+0000] {taskinstance.py:1323} INFO - Marking task as FAILED. dag_id=bitcoin_second_webscrape, task_id=google_drive_upload, execution_date=20230306T130000, start_date=20230307T234549, end_date=20230307T234915
[2023-03-07T23:49:15.126+0000] {standard_task_runner.py:105} ERROR - Failed to execute job 170 for task google_drive_upload (Command '['/tmp/venv1bypvmw2/bin/python', '/tmp/venv1bypvmw2/script.py', '/tmp/venv1bypvmw2/script.in', '/tmp/venv1bypvmw2/script.out', '/tmp/venv1bypvmw2/string_args.txt']' returned non-zero exit status 1.; 250)
[2023-03-07T23:49:15.179+0000] {local_task_job.py:208} INFO - Task exited with return code 1
[2023-03-07T23:49:15.258+0000] {taskinstance.py:2578} INFO - 0 downstream tasks scheduled from follow-on schedule check
